Added Component: Designator=1(JP5)
Add component. Clean all parameters for all variants
Added Component: Designator=D25(D5AN)
Add component. Clean all parameters for all variants
Add component (AddParameter): Name = "Code - JEDEC"; Value = "DO-214-AB"; VariantName = "[No Variations]"
Add component (AddParameter): Name = "Published"; Value = "8-Jun-2000"; VariantName = "[No Variations]"
Add component (AddParameter): Name = "Publisher"; Value = "Altium Limited"; VariantName = "[No Variations]"
Add component (AddParameter): Name = "Revision"; Value = "July-2002: Re-released for DXP Platform."; VariantName = "[No Variations]"
Add component (AddParameter): Name = "Value"; Value = "1N5007"; VariantName = "[No Variations]"
Added Component: Designator=IC(DIP40/W0.6)
Add component. Clean all parameters for all variants
Added Component: Designator=JDC(DC-IN)
Add component. Clean all parameters for all variants
Add component (AddParameter): Name = "Value"; Value = "Jac DC"; VariantName = "[No Variations]"
Added Component: Designator=(LM2596 Module)
Add component. Clean all parameters for all variants
Added Pin To Net: NetName=+3.3 Pin=-2
Added Pin To Net: NetName=+3.3 Pin=IC-39
Added Net: Name=+3.3
Added Pin To Net: NetName=GND Pin=-1
Added Pin To Net: NetName=GND Pin=-3
Added Pin To Net: NetName=GND Pin=IC-38
Added Pin To Net: NetName=GND Pin=JDC-2
Added Net: Name=GND
Added Pin To Net: NetName=Net1_1 Pin=1-1
Added Pin To Net: NetName=Net1_1 Pin=IC-17
Added Net: Name=Net1_1
Added Pin To Net: NetName=Net1_2 Pin=1-2
Added Pin To Net: NetName=Net1_2 Pin=IC-18
Added Net: Name=Net1_2
Added Pin To Net: NetName=Net1_3 Pin=1-3
Added Pin To Net: NetName=Net1_3 Pin=IC-11
Added Net: Name=Net1_3
Added Pin To Net: NetName=Net1_4 Pin=1-4
Added Pin To Net: NetName=Net1_4 Pin=IC-10
Added Net: Name=Net1_4
Added Pin To Net: NetName=Net1_5 Pin=1-5
Added Pin To Net: NetName=Net1_5 Pin=IC-9
Added Net: Name=Net1_5
Added Pin To Net: NetName=Net_0 Pin=D25-2
Added Net: Name=Net_0
Added Pin To Net: NetName=NetD25_1 Pin=D25-1
Added Pin To Net: NetName=NetD25_1 Pin=JDC-1
Added Net: Name=NetD25_1
Added Class: Name=polynomial_distribution
Added Room: Name=polynomial_distribution
